[1.542s] Invoking command in '/home/pascal/ros2_ws/build/slu_smart': DEBUGINFOD_URLS=https://debuginfod.ubuntu.com PYTHONPATH=/home/pascal/ros2_ws/build/slu_smart/prefix_override:/usr/lib/python3/dist-packages/colcon_core/task/python/colcon_distutils_commands:/home/pascal/ros2_ws/install/slu_smart/lib/python3.12/site-packages:${PYTHONPATH} /usr/bin/python3 -W ignore:setup.py install is deprecated -W ignore:easy_install command is deprecated setup.py develop --editable --build-directory /home/pascal/ros2_ws/build/slu_smart/build --no-deps symlink_data
[1.974s] running develop
[2.223s] running egg_info
[2.223s] creating slu_smart.egg-info
[2.247s] writing slu_smart.egg-info/PKG-INFO
[2.247s] writing dependency_links to slu_smart.egg-info/dependency_links.txt
[2.247s] writing entry points to slu_smart.egg-info/entry_points.txt
[2.247s] writing requirements to slu_smart.egg-info/requires.txt
[2.247s] writing top-level names to slu_smart.egg-info/top_level.txt
[2.248s] writing manifest file 'slu_smart.egg-info/SOURCES.txt'
[2.293s] reading manifest file 'slu_smart.egg-info/SOURCES.txt'
[2.294s] writing manifest file 'slu_smart.egg-info/SOURCES.txt'
[2.322s] running build_ext
[2.322s] Creating /home/pascal/ros2_ws/install/slu_smart/lib/python3.12/site-packages/slu-smart.egg-link (link to .)
[2.322s] Installing talker script to /home/pascal/ros2_ws/install/slu_smart/lib/slu_smart
[2.323s] 
[2.323s] Installed /home/pascal/ros2_ws/build/slu_smart
[2.323s] running symlink_data
[2.323s] creating /home/pascal/ros2_ws/install/slu_smart/share/ament_index
[2.323s] creating /home/pascal/ros2_ws/install/slu_smart/share/ament_index/resource_index
[2.323s] creating /home/pascal/ros2_ws/install/slu_smart/share/ament_index/resource_index/packages
[2.323s] symbolically linking /home/pascal/ros2_ws/build/slu_smart/resource/slu_smart -> /home/pascal/ros2_ws/install/slu_smart/share/ament_index/resource_index/packages
[2.324s] symbolically linking /home/pascal/ros2_ws/build/slu_smart/package.xml -> /home/pascal/ros2_ws/install/slu_smart/share/slu_smart
[2.410s] Invoked command in '/home/pascal/ros2_ws/build/slu_smart' returned '0': DEBUGINFOD_URLS=https://debuginfod.ubuntu.com PYTHONPATH=/home/pascal/ros2_ws/build/slu_smart/prefix_override:/usr/lib/python3/dist-packages/colcon_core/task/python/colcon_distutils_commands:/home/pascal/ros2_ws/install/slu_smart/lib/python3.12/site-packages:${PYTHONPATH} /usr/bin/python3 -W ignore:setup.py install is deprecated -W ignore:easy_install command is deprecated setup.py develop --editable --build-directory /home/pascal/ros2_ws/build/slu_smart/build --no-deps symlink_data
